<?xml version="1.0" encoding="UTF-8"?>
<!-- Generated by org.testng.reporters.JUnitReportReporter -->
<testsuite hostname="KrazY" failures="0" tests="2" name="uk.co.next.qa.test.PLPTest" time="177.800" errors="0" timestamp="2024-03-26T20:08:14 IST" skipped="0">
  <testcase classname="uk.co.next.qa.test.PLPTest" name="verifyFilterProductByCategoryAndGender" time="68.951"/>
  <system-out/>
  <testcase classname="uk.co.next.qa.test.PLPTest" name="verifyByClickingOnProduct" time="108.849"/>
  <system-out/>
</testsuite> <!-- uk.co.next.qa.test.PLPTest -->
